000 (217706.000.000) 04/24 20:30:37 Job submitted from host: <192.168.100.50:41163>
...
001 (217706.000.000) 04/24 20:31:10 Job executing on host: <192.168.100.61:28275?addrs=192.168.100.61-28275>
...
006 (217706.000.000) 04/24 20:31:19 Image size of job updated: 1
	2  -  MemoryUsage of job (MB)
	1752  -  ResidentSetSize of job (KB)
...
006 (217706.000.000) 04/24 20:31:48 Image size of job updated: 709736
	2  -  MemoryUsage of job (MB)
	1752  -  ResidentSetSize of job (KB)
...
005 (217706.000.000) 04/24 20:31:48 Job terminated.
	(1) Normal termination (return value 0)
		Usr 0 00:00:26, Sys 0 00:00:00  -  Run Remote Usage
		Usr 0 00:00:00, Sys 0 00:00:00  -  Run Local Usage
		Usr 0 00:00:26, Sys 0 00:00:00  -  Total Remote Usage
		Usr 0 00:00:00, Sys 0 00:00:00  -  Total Local Usage
	0  -  Run Bytes Sent By Job
	0  -  Run Bytes Received By Job
	0  -  Total Bytes Sent By Job
	0  -  Total Bytes Received By Job
	Partitionable Resources :    Usage  Request          
	   Cpus                 :                 1          
	   Disk (KB)            :        1        1          
	   Memory (MB)          :        2     2048          
...
000 (217707.000.000) 04/24 20:37:46 Job submitted from host: <192.168.100.50:41163>
...
001 (217707.000.000) 04/24 20:38:01 Job executing on host: <192.168.100.61:28275?addrs=192.168.100.61-28275>
...
006 (217707.000.000) 04/24 20:38:10 Image size of job updated: 1
	2  -  MemoryUsage of job (MB)
	1760  -  ResidentSetSize of job (KB)
...
006 (217707.000.000) 04/24 20:41:22 Image size of job updated: 729056
	2  -  MemoryUsage of job (MB)
	1760  -  ResidentSetSize of job (KB)
...
005 (217707.000.000) 04/24 20:41:22 Job terminated.
	(1) Normal termination (return value 0)
		Usr 0 00:02:57, Sys 0 00:00:01  -  Run Remote Usage
		Usr 0 00:00:00, Sys 0 00:00:00  -  Run Local Usage
		Usr 0 00:02:57, Sys 0 00:00:01  -  Total Remote Usage
		Usr 0 00:00:00, Sys 0 00:00:00  -  Total Local Usage
	0  -  Run Bytes Sent By Job
	0  -  Run Bytes Received By Job
	0  -  Total Bytes Sent By Job
	0  -  Total Bytes Received By Job
	Partitionable Resources :    Usage  Request          
	   Cpus                 :                 1          
	   Disk (KB)            :        1        1          
	   Memory (MB)          :        2     2048          
...
