Columbine Massacre
Diallo Trial
Giant Panda
Papua Tsunami
Parkinson Disease
Vioxx
Bird Flu
Chesapeake Bay
Jon Benet Ramsey
Mad Cow Disease
Eating Disorders
Helios Crash
Identity Theft
Obesity
Rain Forest Destruction
Soeharto Investigation
Hurricane Floyd
Joran Van Der Sloot
Malaysia Resort Abduction
Recall Food United States
Debra La Fave
Whale Conservation Japan
Austrian Avalanches
Bomb Khartoum
Grizzly Bears
Head Injuries
Shepard Beating Death Trial
Unabomber Trial
Baluchistan Uprising
Ephedra
Mangrove Forests
Offshore Gas Leak
South Korean Wire Tapping
Threat To Frogs
Agent Orange
Dioxin Poisoning Yuschenko
Maryland Oysters
Mt St Helens
Murder Van Gogh
Robert Blake Murder Trial
Coral Reefs
Lynndie England
Rafik Hariri
Red Food Dye
Songhua River
Tsunami Indonesia
