Wrong input format at line 200
Wrong input format at line 203
Wrong input format at line 206
Wrong input format at line 211
Wrong input format at line 194
Wrong input format at line 207
Wrong input format at line 205
Wrong input format at line 215
readText: /workspace/ling573_sp_2016/nickmon_calderma_kwlabuda/output/D3/D1004-A.M.100.A.1 -> empty text
readText: /workspace/ling573_sp_2016/nickmon_calderma_kwlabuda/output/D3/D1009-A.M.100.B.1 -> empty text
readText: /workspace/ling573_sp_2016/nickmon_calderma_kwlabuda/output/D3/D1014-A.M.100.C.1 -> empty text
readText: /workspace/ling573_sp_2016/nickmon_calderma_kwlabuda/output/D3/D1036-A.M.100.G.1 -> empty text
readText: /workspace/ling573_sp_2016/nickmon_calderma_kwlabuda/output/D3/D1004-A.M.100.A.1 -> empty text
readText: /workspace/ling573_sp_2016/nickmon_calderma_kwlabuda/output/D3/D1009-A.M.100.B.1 -> empty text
readText: /workspace/ling573_sp_2016/nickmon_calderma_kwlabuda/output/D3/D1014-A.M.100.C.1 -> empty text
readText: /workspace/ling573_sp_2016/nickmon_calderma_kwlabuda/output/D3/D1036-A.M.100.G.1 -> empty text
readText: /workspace/ling573_sp_2016/nickmon_calderma_kwlabuda/output/D3/D1004-A.M.100.A.1 -> empty text
readText: /workspace/ling573_sp_2016/nickmon_calderma_kwlabuda/output/D3/D1009-A.M.100.B.1 -> empty text
readText: /workspace/ling573_sp_2016/nickmon_calderma_kwlabuda/output/D3/D1014-A.M.100.C.1 -> empty text
readText: /workspace/ling573_sp_2016/nickmon_calderma_kwlabuda/output/D3/D1036-A.M.100.G.1 -> empty text
readText: /workspace/ling573_sp_2016/nickmon_calderma_kwlabuda/output/D3/D1004-A.M.100.A.1 -> empty text
readText: /workspace/ling573_sp_2016/nickmon_calderma_kwlabuda/output/D3/D1009-A.M.100.B.1 -> empty text
readText: /workspace/ling573_sp_2016/nickmon_calderma_kwlabuda/output/D3/D1014-A.M.100.C.1 -> empty text
readText: /workspace/ling573_sp_2016/nickmon_calderma_kwlabuda/output/D3/D1036-A.M.100.G.1 -> empty text
