Mean squared error = 0.0052516 (regression)
Squared correlation coefficient = 1.12709e-14 (regression)
Mean squared error = 0.00392188 (regression)
Squared correlation coefficient = 4.59541e-12 (regression)
Mean squared error = 0.00491599 (regression)
Squared correlation coefficient = 2.52964e-15 (regression)
Mean squared error = 0.00517617 (regression)
Squared correlation coefficient = 2.04738e-14 (regression)
Mean squared error = 0.00512489 (regression)
Squared correlation coefficient = 2.17581e-14 (regression)
Mean squared error = 0.00839594 (regression)
Squared correlation coefficient = 0.00231247 (regression)
Mean squared error = 0.00423322 (regression)
Squared correlation coefficient = 3.0692e-14 (regression)
Mean squared error = 0.00507024 (regression)
Squared correlation coefficient = 6.48021e-15 (regression)
Mean squared error = 0.00500767 (regression)
Squared correlation coefficient = 3.21493e-15 (regression)
Mean squared error = 0.00512442 (regression)
Squared correlation coefficient = 1.16817e-14 (regression)
Mean squared error = 0.0049271 (regression)
Squared correlation coefficient = 5.63381e-15 (regression)
Mean squared error = 0.00512523 (regression)
Squared correlation coefficient = 1.05015e-14 (regression)
Mean squared error = 0.00509581 (regression)
Squared correlation coefficient = 9.55387e-15 (regression)
Mean squared error = 0.00497184 (regression)
Squared correlation coefficient = 9.12762e-15 (regression)
Mean squared error = 0.00391884 (regression)
Squared correlation coefficient = 3.05352e-12 (regression)
Mean squared error = 0.00479603 (regression)
Squared correlation coefficient = 3.14636e-15 (regression)
Mean squared error = 0.00496514 (regression)
Squared correlation coefficient = 4.10857e-15 (regression)
Mean squared error = 0.00506132 (regression)
Squared correlation coefficient = 9.15728e-15 (regression)
Mean squared error = 0.00391455 (regression)
Squared correlation coefficient = 3.39307e-12 (regression)
Mean squared error = 0.00417299 (regression)
Squared correlation coefficient = 9.68789e-14 (regression)
Mean squared error = 254891 (regression)
Squared correlation coefficient = 0.00437941 (regression)
Mean squared error = 0.00459529 (regression)
Squared correlation coefficient = 1.44412e-14 (regression)
Mean squared error = 0.00499775 (regression)
Squared correlation coefficient = 9.10101e-15 (regression)
Mean squared error = 0.00503829 (regression)
Squared correlation coefficient = 4.55341e-15 (regression)
Mean squared error = 0.00451271 (regression)
Squared correlation coefficient = 1.91545e-14 (regression)
Mean squared error = 0.00499292 (regression)
Squared correlation coefficient = 4.01118e-15 (regression)
Mean squared error = 0.00996018 (regression)
Squared correlation coefficient = 0.0238602 (regression)
Mean squared error = 0.00437087 (regression)
Squared correlation coefficient = 1.15123e-13 (regression)
Mean squared error = 0.010044 (regression)
Squared correlation coefficient = 0.0036598 (regression)
Mean squared error = 0.00972047 (regression)
Squared correlation coefficient = 0.0241587 (regression)
Mean squared error = 252586 (regression)
Squared correlation coefficient = 0.0133398 (regression)
Mean squared error = 0.00941474 (regression)
Squared correlation coefficient = 0.0040974 (regression)
Mean squared error = 0.00502133 (regression)
Squared correlation coefficient = 5.16767e-15 (regression)
Mean squared error = 0.00515213 (regression)
Squared correlation coefficient = 2.33015e-15 (regression)
Mean squared error = 0.00493801 (regression)
Squared correlation coefficient = 5.03109e-15 (regression)
Mean squared error = 0.00949038 (regression)
Squared correlation coefficient = 0.00142709 (regression)
Mean squared error = 0.00518003 (regression)
Squared correlation coefficient = 8.32315e-14 (regression)
50
The score for theme water is 0
The score for theme water is 0
The score for theme water is 0
0.017023 D1008-A.M.100.B.1
0
The score for theme Kim is 0
The score for theme Kim is 0
The score for theme Samsung is 0
The score for theme Hong is 0
The score for theme Samsung is 0
0.0 D1033-A.M.100.F.1
135
The score for theme people is 0
The score for theme people is 0
The score for theme people is 0
The score for theme people is 0
The score for theme people is 0
0.025017 D1027-A.M.100.E.1
181
The score for theme director is 0
The score for theme director is 0
The score for theme stringent is 0
The score for theme director is 0
0.0149022 D1031-A.M.100.F.1
13
The score for theme Pangestu is 0
The score for theme commitment is 0
The score for theme origin is 0
The score for theme origin is 0
The score for theme November is 0
0.0739232 D1016-A.M.100.C.1
89
The score for theme risk is 0
The score for theme risk is 0
The score for theme risk is 0
The score for theme Merck is 0
The score for theme Merck is 0
0.0625933 D1006-A.M.100.A.1
0
0.0099759 D1014-A.M.100.C.1
2
The score for theme sister is 0
The score for theme sister is 0
The score for theme sister is 0
The score for theme sister is 0
The score for theme life is 0
0.0110619 D1021-A.M.100.D.1
233
The score for theme Kirov is 0
The score for theme service is 0
The score for theme service is 0
The score for theme service is 0
The score for theme service is 0
0.0225742 D1010-A.M.100.B.1
49
The score for theme death is 0
The score for theme Phone is 0
The score for theme Phone is 0
0.0264795 D1023-A.M.100.E.1
40
The score for theme move is 0
0.040469 D1025-A.M.100.E.1
47
The score for theme training is 0
The score for theme victims is 0
The score for theme victims is 0
The score for theme victims is 0
The score for theme Red is 0
0.0578558 D1035-A.M.100.G.1
162
0.0290704 D1004-A.M.100.A.1
62
The score for theme passenger is 0
The score for theme radio is 0
The score for theme plane is 0
The score for theme plane is 0
The score for theme plane is 0
0.0421758 D1012-A.M.100.C.1
136
The score for theme murder is 0
The score for theme people is 0
The score for theme prevent is 0
The score for theme authorities is 0
0.0156935 D1039-A.M.100.G.1
102
The score for theme province is 0
The score for theme Friday is 0
The score for theme Friday is 0
The score for theme Friday is 0
The score for theme Friday is 0
0.0404416 D1029-A.M.100.F.1
163
0.0274577 D1009-A.M.100.B.1
105
The score for theme Northwestern is 0
The score for theme reefs is 0
The score for theme reefs is 0
The score for theme reefs is 0
0.0335247 D1041-A.M.100.H.1
23
The score for theme Malaysia is 0
The score for theme hostage is 0
The score for theme Sabah is 0
The score for theme hostage is 0
The score for theme hostage is 0
0.0147754 D1019-A.M.100.D.1
93
The score for theme sister is 0
The score for theme Arab is 0
The score for theme Lebanon is 0
The score for theme Lebanon is 0
The score for theme Lebanon is 0
0.0210112 D1043-A.M.100.H.1
126
The score for theme Statoil is 0
The score for theme Statoil is 0
The score for theme Statoil is 0
The score for theme Statoil is 0
The score for theme production is 0
0.0583726 D1032-A.M.100.F.1
147
The score for theme products is 0
The score for theme products is 0
The score for theme products is 0
0.0467296 D1044-A.M.100.H.1
123
The score for theme safe is 0
The score for theme Cholestin is 0
The score for theme Cholestin is 0
The score for theme years is 0
The score for theme years is 0
0.0257358 D1030-A.M.100.F.1
50
The score for theme symptoms is 0
The score for theme symptoms is 0
The score for theme symptoms is 0
0.016788 D1005-A.M.100.A.1
33
The score for theme exam is 0
The score for theme car is 0
The score for theme skate is 0
The score for theme skate is 0
The score for theme bones is 0
0.015095 D1026-A.M.100.E.1
100
The score for theme Hong is 0
The score for theme virus is 0
The score for theme Hong is 0
The score for theme Hong is 0
The score for theme girl is 0
0.0181712 D1007-A.M.100.B.1
0
The score for theme deaths is 0
0.0 D1020-A.M.100.D.1
167
The score for theme analyse is 0
The score for theme colleges is 0
The score for theme April is 0
The score for theme research is 0
0.0239793 D1015-A.M.100.C.1
111
0.0293159 D1036-A.M.100.G.1
190
The score for theme consider is 0
The score for theme consider is 0
The score for theme disorder is 0
The score for theme disorder is 0
The score for theme disorder is 0
0.0401477 D1011-A.M.100.C.1
107
The score for theme advantage is 0
The score for theme Gov is 0
The score for theme stores is 0
The score for theme Category is 0
0.0261356 D1017-A.M.100.D.1
23
The score for theme done is 0
0.0365865 D1037-A.M.100.G.1
127
The score for theme Korea is 0
The score for theme IWC is 0
0.0474561 D1022-A.M.100.D.1
176
The score for theme prevent is 0
The score for theme prevent is 0
The score for theme prevent is 0
The score for theme prevent is 0
0.0408759 D1013-A.M.100.C.1
177
The score for theme Columbine is 0
The score for theme Carrie is 0
The score for theme community is 0
0.0174773 D1001-A.M.100.A.1
90
The score for theme weather is 0
The score for theme diameter is 0
0.018947 D1038-A.M.100.G.1
118
The score for theme China is 0
The score for theme river is 0
The score for theme river is 0
The score for theme river is 0
The score for theme river is 0
0.0306232 D1045-A.M.100.H.1
171
The score for theme protests is 0
The score for theme set is 0
The score for theme set is 0
The score for theme Diallo is 0
0.0472478 D1002-A.M.100.A.1
158
The score for theme Kaczynski is 0
The score for theme set is 0
The score for theme Kaczynski is 0
The score for theme Kaczynski is 0
The score for theme Kaczynski is 0
0.0286686 D1028-A.M.100.E.1
219
The score for theme water is 0
The score for theme water is 0
The score for theme water is 0
0.0217665 D1034-A.M.100.F.1
122
The score for theme tons is 0
The score for theme tons is 0
The score for theme people is 0
The score for theme people is 0
The score for theme people is 0
0.0228089 D1046-A.M.100.H.1
103
The score for theme sheet is 0
The score for theme Sudan is 0
The score for theme United is 0
0.0233133 D1024-A.M.100.E.1
170
The score for theme Giant is 0
The score for theme Giant is 0
0.0359202 D1003-A.M.100.A.1
191
The score for theme County is 0
The score for theme Blake is 0
The score for theme Blake is 0
The score for theme Blake is 0
The score for theme Blake is 0
0.0496443 D1040-A.M.100.G.1
101
The score for theme inmate is 0
The score for theme case is 0
The score for theme prisoners is 0
The score for theme prisoners is 0
The score for theme prisoners is 0
0.03921 D1042-A.M.100.H.1
31
The score for theme police is 0
The score for theme United is 0
The score for theme United is 0
The score for theme authorities is 0
The score for theme authorities is 0
0.0394084 D1018-A.M.100.D.1
Mean squared error = 0.0050392 (regression)
Squared correlation coefficient = 8.70034e-15 (regression)
