000 (241016.000.000) 05/30 00:38:20 Job submitted from host: <192.168.100.50:34799>
...
001 (241016.000.000) 05/30 00:38:36 Job executing on host: <192.168.100.18:48015>
...
007 (241016.000.000) 05/30 00:38:36 Shadow exception!
	Error from slot1@loris-n1.ling.washington.edu: Failed to execute '/workspace/ling573_sp_2016/nickmon_calderma_kwlabuda/src/d4.sh': (errno=13: 'Permission denied')
	0  -  Run Bytes Sent By Job
	0  -  Run Bytes Received By Job
...
012 (241016.000.000) 05/30 00:38:36 Job was held.
	Error from slot1@loris-n1.ling.washington.edu: Failed to execute '/workspace/ling573_sp_2016/nickmon_calderma_kwlabuda/src/d4.sh': (errno=13: 'Permission denied')
	Code 6 Subcode 13
...
000 (241017.000.000) 05/30 00:40:49 Job submitted from host: <192.168.100.50:34799>
...
001 (241017.000.000) 05/30 00:41:00 Job executing on host: <192.168.100.56:59654>
...
006 (241017.000.000) 05/30 00:41:00 Image size of job updated: 1
	0  -  MemoryUsage of job (MB)
	0  -  ResidentSetSize of job (KB)
...
005 (241017.000.000) 05/30 00:41:01 Job terminated.
	(1) Normal termination (return value 127)
		Usr 0 00:00:00, Sys 0 00:00:00  -  Run Remote Usage
		Usr 0 00:00:00, Sys 0 00:00:00  -  Run Local Usage
		Usr 0 00:00:00, Sys 0 00:00:00  -  Total Remote Usage
		Usr 0 00:00:00, Sys 0 00:00:00  -  Total Local Usage
	0  -  Run Bytes Sent By Job
	0  -  Run Bytes Received By Job
	0  -  Total Bytes Sent By Job
	0  -  Total Bytes Received By Job
	Partitionable Resources :    Usage  Request          
	   Cpus                 :                 1          
	   Disk (KB)            :        1        1          
	   Memory (MB)          :        0     2048          
...
000 (241018.000.000) 05/30 00:43:36 Job submitted from host: <192.168.100.50:34799>
...
001 (241018.000.000) 05/30 00:43:50 Job executing on host: <192.168.100.18:48015>
...
006 (241018.000.000) 05/30 00:43:58 Image size of job updated: 1
	3  -  MemoryUsage of job (MB)
	2312  -  ResidentSetSize of job (KB)
...
009 (241016.000.000) 05/30 00:44:03 Job was aborted by the user.
	via condor_rm (by user calderma)
...
006 (241018.000.000) 05/30 00:48:58 Image size of job updated: 4490940
	722  -  MemoryUsage of job (MB)
	739084  -  ResidentSetSize of job (KB)
...
006 (241018.000.000) 05/30 00:53:58 Image size of job updated: 4557640
	722  -  MemoryUsage of job (MB)
	739084  -  ResidentSetSize of job (KB)
...
006 (241018.000.000) 05/30 01:04:00 Image size of job updated: 4557640
	853  -  MemoryUsage of job (MB)
	872884  -  ResidentSetSize of job (KB)
...
005 (241018.000.000) 05/30 01:13:43 Job terminated.
	(1) Normal termination (return value 0)
		Usr 0 00:18:04, Sys 0 00:01:18  -  Run Remote Usage
		Usr 0 00:00:00, Sys 0 00:00:00  -  Run Local Usage
		Usr 0 00:18:04, Sys 0 00:01:18  -  Total Remote Usage
		Usr 0 00:00:00, Sys 0 00:00:00  -  Total Local Usage
	0  -  Run Bytes Sent By Job
	0  -  Run Bytes Received By Job
	0  -  Total Bytes Sent By Job
	0  -  Total Bytes Received By Job
	Partitionable Resources :    Usage  Request          
	   Cpus                 :                 1          
	   Disk (KB)            :        1        1          
	   Memory (MB)          :      853     2048          
...
