---------------------------------------------
1 ROUGE-1 Average_R: 0.10987 (95%-conf.int. 0.09229 - 0.12813)
1 ROUGE-1 Average_P: 0.14216 (95%-conf.int. 0.12006 - 0.16501)
1 ROUGE-1 Average_F: 0.12294 (95%-conf.int. 0.10359 - 0.14314)
.............................................
1 ROUGE-1 Eval D1001-A.M.100.A.1 R:0.12757 P:0.20395 F:0.15696
1 ROUGE-1 Eval D1002-A.M.100.A.1 R:0.05858 P:0.09722 F:0.07311
1 ROUGE-1 Eval D1003-A.M.100.A.1 R:0.21212 P:0.26630 F:0.23614
1 ROUGE-1 Eval D1004-A.M.100.A.1 R:0.09917 P:0.13636 F:0.11483
1 ROUGE-1 Eval D1005-A.M.100.A.1 R:0.09016 P:0.14474 F:0.11111
1 ROUGE-1 Eval D1006-A.M.100.A.1 R:0.18008 P:0.23039 F:0.20215
1 ROUGE-1 Eval D1007-A.M.100.B.1 R:0.00000 P:0.00000 F:0.00000
1 ROUGE-1 Eval D1008-A.M.100.B.1 R:0.10887 P:0.12273 F:0.11539
1 ROUGE-1 Eval D1009-A.M.100.B.1 R:0.19912 P:0.19397 F:0.19651
1 ROUGE-1 Eval D1010-A.M.100.B.1 R:0.13200 P:0.17553 F:0.15068
1 ROUGE-1 Eval D1011-A.M.100.C.1 R:0.09914 P:0.11979 F:0.10849
1 ROUGE-1 Eval D1012-A.M.100.C.1 R:0.08130 P:0.20833 F:0.11696
1 ROUGE-1 Eval D1013-A.M.100.C.1 R:0.16466 P:0.18304 F:0.17336
1 ROUGE-1 Eval D1014-A.M.100.C.1 R:0.17573 P:0.18421 F:0.17987
1 ROUGE-1 Eval D1015-A.M.100.C.1 R:0.12453 P:0.17553 F:0.14570
1 ROUGE-1 Eval D1016-A.M.100.C.1 R:0.08520 P:0.11875 F:0.09922
1 ROUGE-1 Eval D1017-A.M.100.D.1 R:0.22449 P:0.23707 F:0.23061
1 ROUGE-1 Eval D1018-A.M.100.D.1 R:0.04603 P:0.05000 F:0.04793
1 ROUGE-1 Eval D1019-A.M.100.D.1 R:0.00417 P:0.00833 F:0.00556
1 ROUGE-1 Eval D1020-A.M.100.D.1 R:0.09917 P:0.12500 F:0.11060
1 ROUGE-1 Eval D1021-A.M.100.D.1 R:0.13983 P:0.19186 F:0.16176
1 ROUGE-1 Eval D1022-A.M.100.D.1 R:0.00000 P:0.00000 F:0.00000
1 ROUGE-1 Eval D1023-A.M.100.E.1 R:0.02893 P:0.03646 F:0.03226
1 ROUGE-1 Eval D1024-A.M.100.E.1 R:0.14583 P:0.14583 F:0.14583
1 ROUGE-1 Eval D1025-A.M.100.E.1 R:0.13274 P:0.16304 F:0.14634
1 ROUGE-1 Eval D1026-A.M.100.E.1 R:0.07692 P:0.09574 F:0.08530
1 ROUGE-1 Eval D1027-A.M.100.E.1 R:0.12302 P:0.20395 F:0.15347
1 ROUGE-1 Eval D1028-A.M.100.E.1 R:0.18750 P:0.24457 F:0.21227
1 ROUGE-1 Eval D1029-A.M.100.F.1 R:0.21250 P:0.27717 F:0.24056
1 ROUGE-1 Eval D1030-A.M.100.F.1 R:0.19048 P:0.19048 F:0.19048
1 ROUGE-1 Eval D1031-A.M.100.F.1 R:0.08571 P:0.12209 F:0.10072
1 ROUGE-1 Eval D1032-A.M.100.F.1 R:0.19466 P:0.26562 F:0.22467
1 ROUGE-1 Eval D1033-A.M.100.F.1 R:0.09091 P:0.13095 F:0.10732
1 ROUGE-1 Eval D1034-A.M.100.F.1 R:0.03704 P:0.05357 F:0.04380
1 ROUGE-1 Eval D1035-A.M.100.G.1 R:0.17480 P:0.21500 F:0.19283
1 ROUGE-1 Eval D1036-A.M.100.G.1 R:0.00000 P:0.00000 F:0.00000
1 ROUGE-1 Eval D1037-A.M.100.G.1 R:0.06019 P:0.09286 F:0.07304
1 ROUGE-1 Eval D1038-A.M.100.G.1 R:0.12157 P:0.19872 F:0.15085
1 ROUGE-1 Eval D1039-A.M.100.G.1 R:0.07755 P:0.12500 F:0.09572
1 ROUGE-1 Eval D1040-A.M.100.G.1 R:0.07234 P:0.12500 F:0.09164
1 ROUGE-1 Eval D1041-A.M.100.H.1 R:0.11024 P:0.13462 F:0.12122
1 ROUGE-1 Eval D1042-A.M.100.H.1 R:0.16143 P:0.21429 F:0.18414
1 ROUGE-1 Eval D1043-A.M.100.H.1 R:0.00000 P:0.00000 F:0.00000
1 ROUGE-1 Eval D1044-A.M.100.H.1 R:0.00000 P:0.00000 F:0.00000
1 ROUGE-1 Eval D1045-A.M.100.H.1 R:0.10630 P:0.09926 F:0.10266
1 ROUGE-1 Eval D1046-A.M.100.H.1 R:0.23228 P:0.27315 F:0.25106
---------------------------------------------
1 ROUGE-2 Average_R: 0.01891 (95%-conf.int. 0.01412 - 0.02389)
1 ROUGE-2 Average_P: 0.02489 (95%-conf.int. 0.01838 - 0.03138)
1 ROUGE-2 Average_F: 0.02134 (95%-conf.int. 0.01581 - 0.02694)
.............................................
1 ROUGE-2 Eval D1001-A.M.100.A.1 R:0.02929 P:0.04730 F:0.03618
1 ROUGE-2 Eval D1002-A.M.100.A.1 R:0.00000 P:0.00000 F:0.00000
1 ROUGE-2 Eval D1003-A.M.100.A.1 R:0.04405 P:0.05556 F:0.04914
1 ROUGE-2 Eval D1004-A.M.100.A.1 R:0.01261 P:0.01744 F:0.01464
1 ROUGE-2 Eval D1005-A.M.100.A.1 R:0.03333 P:0.05405 F:0.04123
1 ROUGE-2 Eval D1006-A.M.100.A.1 R:0.03113 P:0.04000 F:0.03501
1 ROUGE-2 Eval D1007-A.M.100.B.1 R:0.00000 P:0.00000 F:0.00000
1 ROUGE-2 Eval D1008-A.M.100.B.1 R:0.00820 P:0.00926 F:0.00870
1 ROUGE-2 Eval D1009-A.M.100.B.1 R:0.03153 P:0.03070 F:0.03111
1 ROUGE-2 Eval D1010-A.M.100.B.1 R:0.03659 P:0.04891 F:0.04186
1 ROUGE-2 Eval D1011-A.M.100.C.1 R:0.03509 P:0.04255 F:0.03846
1 ROUGE-2 Eval D1012-A.M.100.C.1 R:0.01653 P:0.04348 F:0.02395
1 ROUGE-2 Eval D1013-A.M.100.C.1 R:0.05714 P:0.06364 F:0.06022
1 ROUGE-2 Eval D1014-A.M.100.C.1 R:0.01277 P:0.01339 F:0.01307
1 ROUGE-2 Eval D1015-A.M.100.C.1 R:0.03065 P:0.04348 F:0.03595
1 ROUGE-2 Eval D1016-A.M.100.C.1 R:0.00000 P:0.00000 F:0.00000
1 ROUGE-2 Eval D1017-A.M.100.D.1 R:0.02490 P:0.02632 F:0.02559
1 ROUGE-2 Eval D1018-A.M.100.D.1 R:0.00000 P:0.00000 F:0.00000
1 ROUGE-2 Eval D1019-A.M.100.D.1 R:0.00000 P:0.00000 F:0.00000
1 ROUGE-2 Eval D1020-A.M.100.D.1 R:0.00840 P:0.01064 F:0.00939
1 ROUGE-2 Eval D1021-A.M.100.D.1 R:0.04310 P:0.05952 F:0.05000
1 ROUGE-2 Eval D1022-A.M.100.D.1 R:0.00000 P:0.00000 F:0.00000
1 ROUGE-2 Eval D1023-A.M.100.E.1 R:0.00420 P:0.00532 F:0.00469
1 ROUGE-2 Eval D1024-A.M.100.E.1 R:0.02119 P:0.02119 F:0.02119
1 ROUGE-2 Eval D1025-A.M.100.E.1 R:0.01802 P:0.02222 F:0.01990
1 ROUGE-2 Eval D1026-A.M.100.E.1 R:0.00435 P:0.00543 F:0.00483
1 ROUGE-2 Eval D1027-A.M.100.E.1 R:0.03226 P:0.05405 F:0.04040
1 ROUGE-2 Eval D1028-A.M.100.E.1 R:0.02542 P:0.03333 F:0.02884
1 ROUGE-2 Eval D1029-A.M.100.F.1 R:0.05508 P:0.07222 F:0.06250
1 ROUGE-2 Eval D1030-A.M.100.F.1 R:0.01613 P:0.01613 F:0.01613
1 ROUGE-2 Eval D1031-A.M.100.F.1 R:0.02490 P:0.03571 F:0.02934
1 ROUGE-2 Eval D1032-A.M.100.F.1 R:0.01550 P:0.02128 F:0.01794
1 ROUGE-2 Eval D1033-A.M.100.F.1 R:0.02101 P:0.03049 F:0.02488
1 ROUGE-2 Eval D1034-A.M.100.F.1 R:0.00000 P:0.00000 F:0.00000
1 ROUGE-2 Eval D1035-A.M.100.G.1 R:0.04959 P:0.06122 F:0.05479
1 ROUGE-2 Eval D1036-A.M.100.G.1 R:0.00000 P:0.00000 F:0.00000
1 ROUGE-2 Eval D1037-A.M.100.G.1 R:0.00000 P:0.00000 F:0.00000
1 ROUGE-2 Eval D1038-A.M.100.G.1 R:0.01195 P:0.01974 F:0.01489
1 ROUGE-2 Eval D1039-A.M.100.G.1 R:0.00000 P:0.00000 F:0.00000
1 ROUGE-2 Eval D1040-A.M.100.G.1 R:0.00000 P:0.00000 F:0.00000
1 ROUGE-2 Eval D1041-A.M.100.H.1 R:0.01200 P:0.01471 F:0.01322
1 ROUGE-2 Eval D1042-A.M.100.H.1 R:0.04110 P:0.05488 F:0.04700
1 ROUGE-2 Eval D1043-A.M.100.H.1 R:0.00000 P:0.00000 F:0.00000
1 ROUGE-2 Eval D1044-A.M.100.H.1 R:0.00000 P:0.00000 F:0.00000
1 ROUGE-2 Eval D1045-A.M.100.H.1 R:0.00000 P:0.00000 F:0.00000
1 ROUGE-2 Eval D1046-A.M.100.H.1 R:0.06800 P:0.08019 F:0.07359
---------------------------------------------
1 ROUGE-3 Average_R: 0.00502 (95%-conf.int. 0.00317 - 0.00720)
1 ROUGE-3 Average_P: 0.00674 (95%-conf.int. 0.00409 - 0.00960)
1 ROUGE-3 Average_F: 0.00573 (95%-conf.int. 0.00354 - 0.00816)
.............................................
1 ROUGE-3 Eval D1001-A.M.100.A.1 R:0.00851 P:0.01389 F:0.01055
1 ROUGE-3 Eval D1002-A.M.100.A.1 R:0.00000 P:0.00000 F:0.00000
1 ROUGE-3 Eval D1003-A.M.100.A.1 R:0.00000 P:0.00000 F:0.00000
1 ROUGE-3 Eval D1004-A.M.100.A.1 R:0.00000 P:0.00000 F:0.00000
1 ROUGE-3 Eval D1005-A.M.100.A.1 R:0.01695 P:0.02778 F:0.02105
1 ROUGE-3 Eval D1006-A.M.100.A.1 R:0.01976 P:0.02551 F:0.02227
1 ROUGE-3 Eval D1007-A.M.100.B.1 R:0.00000 P:0.00000 F:0.00000
1 ROUGE-3 Eval D1008-A.M.100.B.1 R:0.00417 P:0.00472 F:0.00443
1 ROUGE-3 Eval D1009-A.M.100.B.1 R:0.00000 P:0.00000 F:0.00000
1 ROUGE-3 Eval D1010-A.M.100.B.1 R:0.01653 P:0.02222 F:0.01896
1 ROUGE-3 Eval D1011-A.M.100.C.1 R:0.01339 P:0.01630 F:0.01470
1 ROUGE-3 Eval D1012-A.M.100.C.1 R:0.00000 P:0.00000 F:0.00000
1 ROUGE-3 Eval D1013-A.M.100.C.1 R:0.02490 P:0.02778 F:0.02626
1 ROUGE-3 Eval D1014-A.M.100.C.1 R:0.00433 P:0.00455 F:0.00444
1 ROUGE-3 Eval D1015-A.M.100.C.1 R:0.00000 P:0.00000 F:0.00000
1 ROUGE-3 Eval D1016-A.M.100.C.1 R:0.00000 P:0.00000 F:0.00000
1 ROUGE-3 Eval D1017-A.M.100.D.1 R:0.00000 P:0.00000 F:0.00000
1 ROUGE-3 Eval D1018-A.M.100.D.1 R:0.00000 P:0.00000 F:0.00000
1 ROUGE-3 Eval D1019-A.M.100.D.1 R:0.00000 P:0.00000 F:0.00000
1 ROUGE-3 Eval D1020-A.M.100.D.1 R:0.00000 P:0.00000 F:0.00000
1 ROUGE-3 Eval D1021-A.M.100.D.1 R:0.01316 P:0.01829 F:0.01531
1 ROUGE-3 Eval D1022-A.M.100.D.1 R:0.00000 P:0.00000 F:0.00000
1 ROUGE-3 Eval D1023-A.M.100.E.1 R:0.00000 P:0.00000 F:0.00000
1 ROUGE-3 Eval D1024-A.M.100.E.1 R:0.00431 P:0.00431 F:0.00431
1 ROUGE-3 Eval D1025-A.M.100.E.1 R:0.00000 P:0.00000 F:0.00000
1 ROUGE-3 Eval D1026-A.M.100.E.1 R:0.00000 P:0.00000 F:0.00000
1 ROUGE-3 Eval D1027-A.M.100.E.1 R:0.01230 P:0.02083 F:0.01547
1 ROUGE-3 Eval D1028-A.M.100.E.1 R:0.00862 P:0.01136 F:0.00980
1 ROUGE-3 Eval D1029-A.M.100.F.1 R:0.00862 P:0.01136 F:0.00980
1 ROUGE-3 Eval D1030-A.M.100.F.1 R:0.00000 P:0.00000 F:0.00000
1 ROUGE-3 Eval D1031-A.M.100.F.1 R:0.02110 P:0.03049 F:0.02494
1 ROUGE-3 Eval D1032-A.M.100.F.1 R:0.00000 P:0.00000 F:0.00000
1 ROUGE-3 Eval D1033-A.M.100.F.1 R:0.01282 P:0.01875 F:0.01523
1 ROUGE-3 Eval D1034-A.M.100.F.1 R:0.00000 P:0.00000 F:0.00000
1 ROUGE-3 Eval D1035-A.M.100.G.1 R:0.00840 P:0.01042 F:0.00930
1 ROUGE-3 Eval D1036-A.M.100.G.1 R:0.00000 P:0.00000 F:0.00000
1 ROUGE-3 Eval D1037-A.M.100.G.1 R:0.00000 P:0.00000 F:0.00000
1 ROUGE-3 Eval D1038-A.M.100.G.1 R:0.00000 P:0.00000 F:0.00000
1 ROUGE-3 Eval D1039-A.M.100.G.1 R:0.00000 P:0.00000 F:0.00000
1 ROUGE-3 Eval D1040-A.M.100.G.1 R:0.00000 P:0.00000 F:0.00000
1 ROUGE-3 Eval D1041-A.M.100.H.1 R:0.00407 P:0.00500 F:0.00449
1 ROUGE-3 Eval D1042-A.M.100.H.1 R:0.01860 P:0.02500 F:0.02133
1 ROUGE-3 Eval D1043-A.M.100.H.1 R:0.00000 P:0.00000 F:0.00000
1 ROUGE-3 Eval D1044-A.M.100.H.1 R:0.00000 P:0.00000 F:0.00000
1 ROUGE-3 Eval D1045-A.M.100.H.1 R:0.00000 P:0.00000 F:0.00000
1 ROUGE-3 Eval D1046-A.M.100.H.1 R:0.01220 P:0.01442 F:0.01322
---------------------------------------------
1 ROUGE-4 Average_R: 0.00129 (95%-conf.int. 0.00039 - 0.00242)
1 ROUGE-4 Average_P: 0.00176 (95%-conf.int. 0.00056 - 0.00332)
1 ROUGE-4 Average_F: 0.00149 (95%-conf.int. 0.00046 - 0.00276)
.............................................
1 ROUGE-4 Eval D1001-A.M.100.A.1 R:0.00433 P:0.00714 F:0.00539
1 ROUGE-4 Eval D1002-A.M.100.A.1 R:0.00000 P:0.00000 F:0.00000
1 ROUGE-4 Eval D1003-A.M.100.A.1 R:0.00000 P:0.00000 F:0.00000
1 ROUGE-4 Eval D1004-A.M.100.A.1 R:0.00000 P:0.00000 F:0.00000
1 ROUGE-4 Eval D1005-A.M.100.A.1 R:0.00000 P:0.00000 F:0.00000
1 ROUGE-4 Eval D1006-A.M.100.A.1 R:0.00803 P:0.01042 F:0.00907
1 ROUGE-4 Eval D1007-A.M.100.B.1 R:0.00000 P:0.00000 F:0.00000
1 ROUGE-4 Eval D1008-A.M.100.B.1 R:0.00000 P:0.00000 F:0.00000
1 ROUGE-4 Eval D1009-A.M.100.B.1 R:0.00000 P:0.00000 F:0.00000
1 ROUGE-4 Eval D1010-A.M.100.B.1 R:0.00000 P:0.00000 F:0.00000
1 ROUGE-4 Eval D1011-A.M.100.C.1 R:0.00000 P:0.00000 F:0.00000
1 ROUGE-4 Eval D1012-A.M.100.C.1 R:0.00000 P:0.00000 F:0.00000
1 ROUGE-4 Eval D1013-A.M.100.C.1 R:0.00844 P:0.00943 F:0.00891
1 ROUGE-4 Eval D1014-A.M.100.C.1 R:0.00000 P:0.00000 F:0.00000
1 ROUGE-4 Eval D1015-A.M.100.C.1 R:0.00000 P:0.00000 F:0.00000
1 ROUGE-4 Eval D1016-A.M.100.C.1 R:0.00000 P:0.00000 F:0.00000
1 ROUGE-4 Eval D1017-A.M.100.D.1 R:0.00000 P:0.00000 F:0.00000
1 ROUGE-4 Eval D1018-A.M.100.D.1 R:0.00000 P:0.00000 F:0.00000
1 ROUGE-4 Eval D1019-A.M.100.D.1 R:0.00000 P:0.00000 F:0.00000
1 ROUGE-4 Eval D1020-A.M.100.D.1 R:0.00000 P:0.00000 F:0.00000
1 ROUGE-4 Eval D1021-A.M.100.D.1 R:0.00000 P:0.00000 F:0.00000
1 ROUGE-4 Eval D1022-A.M.100.D.1 R:0.00000 P:0.00000 F:0.00000
1 ROUGE-4 Eval D1023-A.M.100.E.1 R:0.00000 P:0.00000 F:0.00000
1 ROUGE-4 Eval D1024-A.M.100.E.1 R:0.00000 P:0.00000 F:0.00000
1 ROUGE-4 Eval D1025-A.M.100.E.1 R:0.00000 P:0.00000 F:0.00000
1 ROUGE-4 Eval D1026-A.M.100.E.1 R:0.00000 P:0.00000 F:0.00000
1 ROUGE-4 Eval D1027-A.M.100.E.1 R:0.00000 P:0.00000 F:0.00000
1 ROUGE-4 Eval D1028-A.M.100.E.1 R:0.00000 P:0.00000 F:0.00000
1 ROUGE-4 Eval D1029-A.M.100.F.1 R:0.00000 P:0.00000 F:0.00000
1 ROUGE-4 Eval D1030-A.M.100.F.1 R:0.00000 P:0.00000 F:0.00000
1 ROUGE-4 Eval D1031-A.M.100.F.1 R:0.01717 P:0.02500 F:0.02036
1 ROUGE-4 Eval D1032-A.M.100.F.1 R:0.00000 P:0.00000 F:0.00000
1 ROUGE-4 Eval D1033-A.M.100.F.1 R:0.00870 P:0.01282 F:0.01037
1 ROUGE-4 Eval D1034-A.M.100.F.1 R:0.00000 P:0.00000 F:0.00000
1 ROUGE-4 Eval D1035-A.M.100.G.1 R:0.00000 P:0.00000 F:0.00000
1 ROUGE-4 Eval D1036-A.M.100.G.1 R:0.00000 P:0.00000 F:0.00000
1 ROUGE-4 Eval D1037-A.M.100.G.1 R:0.00000 P:0.00000 F:0.00000
1 ROUGE-4 Eval D1038-A.M.100.G.1 R:0.00000 P:0.00000 F:0.00000
1 ROUGE-4 Eval D1039-A.M.100.G.1 R:0.00000 P:0.00000 F:0.00000
1 ROUGE-4 Eval D1040-A.M.100.G.1 R:0.00000 P:0.00000 F:0.00000
1 ROUGE-4 Eval D1041-A.M.100.H.1 R:0.00000 P:0.00000 F:0.00000
1 ROUGE-4 Eval D1042-A.M.100.H.1 R:0.00948 P:0.01282 F:0.01090
1 ROUGE-4 Eval D1043-A.M.100.H.1 R:0.00000 P:0.00000 F:0.00000
1 ROUGE-4 Eval D1044-A.M.100.H.1 R:0.00000 P:0.00000 F:0.00000
1 ROUGE-4 Eval D1045-A.M.100.H.1 R:0.00000 P:0.00000 F:0.00000
1 ROUGE-4 Eval D1046-A.M.100.H.1 R:0.00413 P:0.00490 F:0.00448
