---------------------------------------------
1 ROUGE-1 Average_R: 0.12951 (95%-conf.int. 0.10224 - 0.15756)
1 ROUGE-1 Average_P: 0.18446 (95%-conf.int. 0.15131 - 0.21792)
1 ROUGE-1 Average_F: 0.14783 (95%-conf.int. 0.11879 - 0.17644)
.............................................
1 ROUGE-1 Eval D1001-A.M.100.A.1 R:0.07819 P:0.23750 F:0.11765
1 ROUGE-1 Eval D1002-A.M.100.A.1 R:0.18410 P:0.23913 F:0.20804
1 ROUGE-1 Eval D1003-A.M.100.A.1 R:0.10390 P:0.26087 F:0.14861
1 ROUGE-1 Eval D1004-A.M.100.A.1 R:0.00000 P:0.00000 F:0.00000
1 ROUGE-1 Eval D1005-A.M.100.A.1 R:0.06148 P:0.22059 F:0.09616
1 ROUGE-1 Eval D1006-A.M.100.A.1 R:0.11877 P:0.18902 F:0.14588
1 ROUGE-1 Eval D1007-A.M.100.B.1 R:0.15556 P:0.18617 F:0.16949
1 ROUGE-1 Eval D1008-A.M.100.B.1 R:0.03226 P:0.07407 F:0.04494
1 ROUGE-1 Eval D1009-A.M.100.B.1 R:0.00000 P:0.00000 F:0.00000
1 ROUGE-1 Eval D1010-A.M.100.B.1 R:0.14800 P:0.16228 F:0.15481
1 ROUGE-1 Eval D1011-A.M.100.C.1 R:0.12500 P:0.38158 F:0.18831
1 ROUGE-1 Eval D1012-A.M.100.C.1 R:0.13415 P:0.16837 F:0.14932
1 ROUGE-1 Eval D1013-A.M.100.C.1 R:0.10040 P:0.21552 F:0.13699
1 ROUGE-1 Eval D1014-A.M.100.C.1 R:0.00000 P:0.00000 F:0.00000
1 ROUGE-1 Eval D1015-A.M.100.C.1 R:0.15094 P:0.16129 F:0.15594
1 ROUGE-1 Eval D1016-A.M.100.C.1 R:0.14798 P:0.15566 F:0.15172
1 ROUGE-1 Eval D1017-A.M.100.D.1 R:0.15510 P:0.16964 F:0.16204
1 ROUGE-1 Eval D1018-A.M.100.D.1 R:0.11715 P:0.16667 F:0.13759
1 ROUGE-1 Eval D1019-A.M.100.D.1 R:0.26667 P:0.28571 F:0.27586
1 ROUGE-1 Eval D1020-A.M.100.D.1 R:0.04132 P:0.19231 F:0.06802
1 ROUGE-1 Eval D1021-A.M.100.D.1 R:0.06780 P:0.08696 F:0.07619
1 ROUGE-1 Eval D1022-A.M.100.D.1 R:0.25105 P:0.38462 F:0.30380
1 ROUGE-1 Eval D1023-A.M.100.E.1 R:0.02479 P:0.03409 F:0.02871
1 ROUGE-1 Eval D1024-A.M.100.E.1 R:0.11250 P:0.17763 F:0.13775
1 ROUGE-1 Eval D1025-A.M.100.E.1 R:0.16814 P:0.41304 F:0.23899
1 ROUGE-1 Eval D1026-A.M.100.E.1 R:0.11538 P:0.13776 F:0.12558
1 ROUGE-1 Eval D1027-A.M.100.E.1 R:0.07540 P:0.11585 F:0.09135
1 ROUGE-1 Eval D1028-A.M.100.E.1 R:0.37083 P:0.42788 F:0.39732
1 ROUGE-1 Eval D1029-A.M.100.F.1 R:0.16667 P:0.16393 F:0.16529
1 ROUGE-1 Eval D1030-A.M.100.F.1 R:0.00794 P:0.01852 F:0.01111
1 ROUGE-1 Eval D1031-A.M.100.F.1 R:0.08163 P:0.09615 F:0.08830
1 ROUGE-1 Eval D1032-A.M.100.F.1 R:0.33969 P:0.36475 F:0.35177
1 ROUGE-1 Eval D1033-A.M.100.F.1 R:0.21901 P:0.23661 F:0.22747
1 ROUGE-1 Eval D1034-A.M.100.F.1 R:0.03292 P:0.06250 F:0.04313
1 ROUGE-1 Eval D1035-A.M.100.G.1 R:0.08130 P:0.10638 F:0.09216
1 ROUGE-1 Eval D1036-A.M.100.G.1 R:0.00000 P:0.00000 F:0.00000
1 ROUGE-1 Eval D1037-A.M.100.G.1 R:0.00000 P:0.00000 F:0.00000
1 ROUGE-1 Eval D1038-A.M.100.G.1 R:0.05882 P:0.09615 F:0.07299
1 ROUGE-1 Eval D1039-A.M.100.G.1 R:0.10204 P:0.20833 F:0.13698
1 ROUGE-1 Eval D1040-A.M.100.G.1 R:0.20851 P:0.22685 F:0.21729
1 ROUGE-1 Eval D1041-A.M.100.H.1 R:0.15354 P:0.22159 F:0.18139
1 ROUGE-1 Eval D1042-A.M.100.H.1 R:0.18834 P:0.22826 F:0.20639
1 ROUGE-1 Eval D1043-A.M.100.H.1 R:0.21186 P:0.23148 F:0.22124
1 ROUGE-1 Eval D1044-A.M.100.H.1 R:0.21941 P:0.36111 F:0.27297
1 ROUGE-1 Eval D1045-A.M.100.H.1 R:0.33071 P:0.37500 F:0.35147
1 ROUGE-1 Eval D1046-A.M.100.H.1 R:0.24803 P:0.24609 F:0.24706
---------------------------------------------
1 ROUGE-2 Average_R: 0.02431 (95%-conf.int. 0.01702 - 0.03209)
1 ROUGE-2 Average_P: 0.03655 (95%-conf.int. 0.02542 - 0.04947)
1 ROUGE-2 Average_F: 0.02820 (95%-conf.int. 0.01984 - 0.03699)
.............................................
1 ROUGE-2 Eval D1001-A.M.100.A.1 R:0.02929 P:0.09211 F:0.04445
1 ROUGE-2 Eval D1002-A.M.100.A.1 R:0.04255 P:0.05556 F:0.04819
1 ROUGE-2 Eval D1003-A.M.100.A.1 R:0.02643 P:0.06818 F:0.03809
1 ROUGE-2 Eval D1004-A.M.100.A.1 R:0.00000 P:0.00000 F:0.00000
1 ROUGE-2 Eval D1005-A.M.100.A.1 R:0.00000 P:0.00000 F:0.00000
1 ROUGE-2 Eval D1006-A.M.100.A.1 R:0.00389 P:0.00625 F:0.00480
1 ROUGE-2 Eval D1007-A.M.100.B.1 R:0.04525 P:0.05435 F:0.04938
1 ROUGE-2 Eval D1008-A.M.100.B.1 R:0.00000 P:0.00000 F:0.00000
1 ROUGE-2 Eval D1009-A.M.100.B.1 R:0.00000 P:0.00000 F:0.00000
1 ROUGE-2 Eval D1010-A.M.100.B.1 R:0.03252 P:0.03571 F:0.03404
1 ROUGE-2 Eval D1011-A.M.100.C.1 R:0.05702 P:0.18056 F:0.08667
1 ROUGE-2 Eval D1012-A.M.100.C.1 R:0.00826 P:0.01042 F:0.00922
1 ROUGE-2 Eval D1013-A.M.100.C.1 R:0.02041 P:0.04464 F:0.02801
1 ROUGE-2 Eval D1014-A.M.100.C.1 R:0.00000 P:0.00000 F:0.00000
1 ROUGE-2 Eval D1015-A.M.100.C.1 R:0.03065 P:0.03279 F:0.03168
1 ROUGE-2 Eval D1016-A.M.100.C.1 R:0.00457 P:0.00481 F:0.00469
1 ROUGE-2 Eval D1017-A.M.100.D.1 R:0.03734 P:0.04091 F:0.03904
1 ROUGE-2 Eval D1018-A.M.100.D.1 R:0.00851 P:0.01220 F:0.01003
1 ROUGE-2 Eval D1019-A.M.100.D.1 R:0.03814 P:0.04091 F:0.03948
1 ROUGE-2 Eval D1020-A.M.100.D.1 R:0.00420 P:0.02083 F:0.00699
1 ROUGE-2 Eval D1021-A.M.100.D.1 R:0.00000 P:0.00000 F:0.00000
1 ROUGE-2 Eval D1022-A.M.100.D.1 R:0.08085 P:0.12500 F:0.09819
1 ROUGE-2 Eval D1023-A.M.100.E.1 R:0.00000 P:0.00000 F:0.00000
1 ROUGE-2 Eval D1024-A.M.100.E.1 R:0.02542 P:0.04054 F:0.03125
1 ROUGE-2 Eval D1025-A.M.100.E.1 R:0.05405 P:0.13636 F:0.07741
1 ROUGE-2 Eval D1026-A.M.100.E.1 R:0.00000 P:0.00000 F:0.00000
1 ROUGE-2 Eval D1027-A.M.100.E.1 R:0.00000 P:0.00000 F:0.00000
1 ROUGE-2 Eval D1028-A.M.100.E.1 R:0.11017 P:0.12745 F:0.11818
1 ROUGE-2 Eval D1029-A.M.100.F.1 R:0.02542 P:0.02500 F:0.02521
1 ROUGE-2 Eval D1030-A.M.100.F.1 R:0.00000 P:0.00000 F:0.00000
1 ROUGE-2 Eval D1031-A.M.100.F.1 R:0.00415 P:0.00490 F:0.00449
1 ROUGE-2 Eval D1032-A.M.100.F.1 R:0.08140 P:0.08750 F:0.08434
1 ROUGE-2 Eval D1033-A.M.100.F.1 R:0.04202 P:0.04545 F:0.04367
1 ROUGE-2 Eval D1034-A.M.100.F.1 R:0.00000 P:0.00000 F:0.00000
1 ROUGE-2 Eval D1035-A.M.100.G.1 R:0.01653 P:0.02174 F:0.01878
1 ROUGE-2 Eval D1036-A.M.100.G.1 R:0.00000 P:0.00000 F:0.00000
1 ROUGE-2 Eval D1037-A.M.100.G.1 R:0.00000 P:0.00000 F:0.00000
1 ROUGE-2 Eval D1038-A.M.100.G.1 R:0.00398 P:0.00658 F:0.00496
1 ROUGE-2 Eval D1039-A.M.100.G.1 R:0.01660 P:0.03448 F:0.02241
1 ROUGE-2 Eval D1040-A.M.100.G.1 R:0.05628 P:0.06132 F:0.05869
1 ROUGE-2 Eval D1041-A.M.100.H.1 R:0.04400 P:0.06395 F:0.05213
1 ROUGE-2 Eval D1042-A.M.100.H.1 R:0.04566 P:0.05556 F:0.05013
1 ROUGE-2 Eval D1043-A.M.100.H.1 R:0.01724 P:0.01887 F:0.01802
1 ROUGE-2 Eval D1044-A.M.100.H.1 R:0.02575 P:0.04286 F:0.03217
1 ROUGE-2 Eval D1045-A.M.100.H.1 R:0.05200 P:0.05909 F:0.05532
1 ROUGE-2 Eval D1046-A.M.100.H.1 R:0.03200 P:0.03175 F:0.03187
---------------------------------------------
1 ROUGE-3 Average_R: 0.00612 (95%-conf.int. 0.00376 - 0.00884)
1 ROUGE-3 Average_P: 0.00888 (95%-conf.int. 0.00518 - 0.01298)
1 ROUGE-3 Average_F: 0.00700 (95%-conf.int. 0.00433 - 0.01007)
.............................................
1 ROUGE-3 Eval D1001-A.M.100.A.1 R:0.00851 P:0.02778 F:0.01303
1 ROUGE-3 Eval D1002-A.M.100.A.1 R:0.00433 P:0.00568 F:0.00491
1 ROUGE-3 Eval D1003-A.M.100.A.1 R:0.00000 P:0.00000 F:0.00000
1 ROUGE-3 Eval D1004-A.M.100.A.1 R:0.00000 P:0.00000 F:0.00000
1 ROUGE-3 Eval D1005-A.M.100.A.1 R:0.00000 P:0.00000 F:0.00000
1 ROUGE-3 Eval D1006-A.M.100.A.1 R:0.00000 P:0.00000 F:0.00000
1 ROUGE-3 Eval D1007-A.M.100.B.1 R:0.00000 P:0.00000 F:0.00000
1 ROUGE-3 Eval D1008-A.M.100.B.1 R:0.00000 P:0.00000 F:0.00000
1 ROUGE-3 Eval D1009-A.M.100.B.1 R:0.00000 P:0.00000 F:0.00000
1 ROUGE-3 Eval D1010-A.M.100.B.1 R:0.01653 P:0.01818 F:0.01732
1 ROUGE-3 Eval D1011-A.M.100.C.1 R:0.01339 P:0.04412 F:0.02054
1 ROUGE-3 Eval D1012-A.M.100.C.1 R:0.00000 P:0.00000 F:0.00000
1 ROUGE-3 Eval D1013-A.M.100.C.1 R:0.00000 P:0.00000 F:0.00000
1 ROUGE-3 Eval D1014-A.M.100.C.1 R:0.00000 P:0.00000 F:0.00000
1 ROUGE-3 Eval D1015-A.M.100.C.1 R:0.01167 P:0.01250 F:0.01207
1 ROUGE-3 Eval D1016-A.M.100.C.1 R:0.00000 P:0.00000 F:0.00000
1 ROUGE-3 Eval D1017-A.M.100.D.1 R:0.00844 P:0.00926 F:0.00883
1 ROUGE-3 Eval D1018-A.M.100.D.1 R:0.00000 P:0.00000 F:0.00000
1 ROUGE-3 Eval D1019-A.M.100.D.1 R:0.01293 P:0.01389 F:0.01339
1 ROUGE-3 Eval D1020-A.M.100.D.1 R:0.00000 P:0.00000 F:0.00000
1 ROUGE-3 Eval D1021-A.M.100.D.1 R:0.00000 P:0.00000 F:0.00000
1 ROUGE-3 Eval D1022-A.M.100.D.1 R:0.02597 P:0.04054 F:0.03166
1 ROUGE-3 Eval D1023-A.M.100.E.1 R:0.00000 P:0.00000 F:0.00000
1 ROUGE-3 Eval D1024-A.M.100.E.1 R:0.00862 P:0.01389 F:0.01064
1 ROUGE-3 Eval D1025-A.M.100.E.1 R:0.01835 P:0.04762 F:0.02649
1 ROUGE-3 Eval D1026-A.M.100.E.1 R:0.00000 P:0.00000 F:0.00000
1 ROUGE-3 Eval D1027-A.M.100.E.1 R:0.00000 P:0.00000 F:0.00000
1 ROUGE-3 Eval D1028-A.M.100.E.1 R:0.03017 P:0.03500 F:0.03241
1 ROUGE-3 Eval D1029-A.M.100.F.1 R:0.00431 P:0.00424 F:0.00427
1 ROUGE-3 Eval D1030-A.M.100.F.1 R:0.00000 P:0.00000 F:0.00000
1 ROUGE-3 Eval D1031-A.M.100.F.1 R:0.00000 P:0.00000 F:0.00000
1 ROUGE-3 Eval D1032-A.M.100.F.1 R:0.03150 P:0.03390 F:0.03266
1 ROUGE-3 Eval D1033-A.M.100.F.1 R:0.01282 P:0.01389 F:0.01333
1 ROUGE-3 Eval D1034-A.M.100.F.1 R:0.00000 P:0.00000 F:0.00000
1 ROUGE-3 Eval D1035-A.M.100.G.1 R:0.00840 P:0.01111 F:0.00957
1 ROUGE-3 Eval D1036-A.M.100.G.1 R:0.00000 P:0.00000 F:0.00000
1 ROUGE-3 Eval D1037-A.M.100.G.1 R:0.00000 P:0.00000 F:0.00000
1 ROUGE-3 Eval D1038-A.M.100.G.1 R:0.00000 P:0.00000 F:0.00000
1 ROUGE-3 Eval D1039-A.M.100.G.1 R:0.00000 P:0.00000 F:0.00000
1 ROUGE-3 Eval D1040-A.M.100.G.1 R:0.03524 P:0.03846 F:0.03678
1 ROUGE-3 Eval D1041-A.M.100.H.1 R:0.01220 P:0.01786 F:0.01450
1 ROUGE-3 Eval D1042-A.M.100.H.1 R:0.00465 P:0.00568 F:0.00511
1 ROUGE-3 Eval D1043-A.M.100.H.1 R:0.00000 P:0.00000 F:0.00000
1 ROUGE-3 Eval D1044-A.M.100.H.1 R:0.00000 P:0.00000 F:0.00000
1 ROUGE-3 Eval D1045-A.M.100.H.1 R:0.01220 P:0.01389 F:0.01299
1 ROUGE-3 Eval D1046-A.M.100.H.1 R:0.00407 P:0.00403 F:0.00405
---------------------------------------------
1 ROUGE-4 Average_R: 0.00198 (95%-conf.int. 0.00076 - 0.00367)
1 ROUGE-4 Average_P: 0.00303 (95%-conf.int. 0.00104 - 0.00544)
1 ROUGE-4 Average_F: 0.00230 (95%-conf.int. 0.00088 - 0.00413)
.............................................
1 ROUGE-4 Eval D1001-A.M.100.A.1 R:0.00433 P:0.01471 F:0.00669
1 ROUGE-4 Eval D1002-A.M.100.A.1 R:0.00000 P:0.00000 F:0.00000
1 ROUGE-4 Eval D1003-A.M.100.A.1 R:0.00000 P:0.00000 F:0.00000
1 ROUGE-4 Eval D1004-A.M.100.A.1 R:0.00000 P:0.00000 F:0.00000
1 ROUGE-4 Eval D1005-A.M.100.A.1 R:0.00000 P:0.00000 F:0.00000
1 ROUGE-4 Eval D1006-A.M.100.A.1 R:0.00000 P:0.00000 F:0.00000
1 ROUGE-4 Eval D1007-A.M.100.B.1 R:0.00000 P:0.00000 F:0.00000
1 ROUGE-4 Eval D1008-A.M.100.B.1 R:0.00000 P:0.00000 F:0.00000
1 ROUGE-4 Eval D1009-A.M.100.B.1 R:0.00000 P:0.00000 F:0.00000
1 ROUGE-4 Eval D1010-A.M.100.B.1 R:0.00000 P:0.00000 F:0.00000
1 ROUGE-4 Eval D1011-A.M.100.C.1 R:0.00000 P:0.00000 F:0.00000
1 ROUGE-4 Eval D1012-A.M.100.C.1 R:0.00000 P:0.00000 F:0.00000
1 ROUGE-4 Eval D1013-A.M.100.C.1 R:0.00000 P:0.00000 F:0.00000
1 ROUGE-4 Eval D1014-A.M.100.C.1 R:0.00000 P:0.00000 F:0.00000
1 ROUGE-4 Eval D1015-A.M.100.C.1 R:0.00000 P:0.00000 F:0.00000
1 ROUGE-4 Eval D1016-A.M.100.C.1 R:0.00000 P:0.00000 F:0.00000
1 ROUGE-4 Eval D1017-A.M.100.D.1 R:0.00000 P:0.00000 F:0.00000
1 ROUGE-4 Eval D1018-A.M.100.D.1 R:0.00000 P:0.00000 F:0.00000
1 ROUGE-4 Eval D1019-A.M.100.D.1 R:0.00877 P:0.00943 F:0.00909
1 ROUGE-4 Eval D1020-A.M.100.D.1 R:0.00000 P:0.00000 F:0.00000
1 ROUGE-4 Eval D1021-A.M.100.D.1 R:0.00000 P:0.00000 F:0.00000
1 ROUGE-4 Eval D1022-A.M.100.D.1 R:0.01322 P:0.02083 F:0.01617
1 ROUGE-4 Eval D1023-A.M.100.E.1 R:0.00000 P:0.00000 F:0.00000
1 ROUGE-4 Eval D1024-A.M.100.E.1 R:0.00000 P:0.00000 F:0.00000
1 ROUGE-4 Eval D1025-A.M.100.E.1 R:0.01402 P:0.03750 F:0.02041
1 ROUGE-4 Eval D1026-A.M.100.E.1 R:0.00000 P:0.00000 F:0.00000
1 ROUGE-4 Eval D1027-A.M.100.E.1 R:0.00000 P:0.00000 F:0.00000
1 ROUGE-4 Eval D1028-A.M.100.E.1 R:0.00439 P:0.00510 F:0.00472
1 ROUGE-4 Eval D1029-A.M.100.F.1 R:0.00000 P:0.00000 F:0.00000
1 ROUGE-4 Eval D1030-A.M.100.F.1 R:0.00000 P:0.00000 F:0.00000
1 ROUGE-4 Eval D1031-A.M.100.F.1 R:0.00000 P:0.00000 F:0.00000
1 ROUGE-4 Eval D1032-A.M.100.F.1 R:0.00800 P:0.00862 F:0.00830
1 ROUGE-4 Eval D1033-A.M.100.F.1 R:0.00435 P:0.00472 F:0.00453
1 ROUGE-4 Eval D1034-A.M.100.F.1 R:0.00000 P:0.00000 F:0.00000
1 ROUGE-4 Eval D1035-A.M.100.G.1 R:0.00000 P:0.00000 F:0.00000
1 ROUGE-4 Eval D1036-A.M.100.G.1 R:0.00000 P:0.00000 F:0.00000
1 ROUGE-4 Eval D1037-A.M.100.G.1 R:0.00000 P:0.00000 F:0.00000
1 ROUGE-4 Eval D1038-A.M.100.G.1 R:0.00000 P:0.00000 F:0.00000
1 ROUGE-4 Eval D1039-A.M.100.G.1 R:0.00000 P:0.00000 F:0.00000
1 ROUGE-4 Eval D1040-A.M.100.G.1 R:0.02691 P:0.02941 F:0.02810
1 ROUGE-4 Eval D1041-A.M.100.H.1 R:0.00000 P:0.00000 F:0.00000
1 ROUGE-4 Eval D1042-A.M.100.H.1 R:0.00000 P:0.00000 F:0.00000
1 ROUGE-4 Eval D1043-A.M.100.H.1 R:0.00000 P:0.00000 F:0.00000
1 ROUGE-4 Eval D1044-A.M.100.H.1 R:0.00000 P:0.00000 F:0.00000
1 ROUGE-4 Eval D1045-A.M.100.H.1 R:0.00826 P:0.00943 F:0.00881
1 ROUGE-4 Eval D1046-A.M.100.H.1 R:0.00000 P:0.00000 F:0.00000
