---------------------------------------------
1 ROUGE-1 Average_R: 0.16169 (95%-conf.int. 0.14133 - 0.18362)
1 ROUGE-1 Average_P: 0.21028 (95%-conf.int. 0.18627 - 0.23381)
1 ROUGE-1 Average_F: 0.18176 (95%-conf.int. 0.15945 - 0.20403)
.............................................
1 ROUGE-1 Eval D1001-A.M.100.A.1 R:0.15638 P:0.16667 F:0.16136
1 ROUGE-1 Eval D1002-A.M.100.A.1 R:0.30126 P:0.38298 F:0.33724
1 ROUGE-1 Eval D1003-A.M.100.A.1 R:0.21645 P:0.24510 F:0.22989
1 ROUGE-1 Eval D1004-A.M.100.A.1 R:0.15289 P:0.19271 F:0.17051
1 ROUGE-1 Eval D1005-A.M.100.A.1 R:0.02049 P:0.04310 F:0.02778
1 ROUGE-1 Eval D1006-A.M.100.A.1 R:0.17625 P:0.23000 F:0.19957
1 ROUGE-1 Eval D1007-A.M.100.B.1 R:0.29333 P:0.34375 F:0.31654
1 ROUGE-1 Eval D1008-A.M.100.B.1 R:0.05242 P:0.09286 F:0.06701
1 ROUGE-1 Eval D1009-A.M.100.B.1 R:0.21681 P:0.25521 F:0.23445
1 ROUGE-1 Eval D1010-A.M.100.B.1 R:0.12800 P:0.18182 F:0.15024
1 ROUGE-1 Eval D1011-A.M.100.C.1 R:0.06466 P:0.11719 F:0.08334
1 ROUGE-1 Eval D1012-A.M.100.C.1 R:0.21951 P:0.25472 F:0.23581
1 ROUGE-1 Eval D1013-A.M.100.C.1 R:0.09639 P:0.15000 F:0.11736
1 ROUGE-1 Eval D1014-A.M.100.C.1 R:0.06695 P:0.09091 F:0.07711
1 ROUGE-1 Eval D1015-A.M.100.C.1 R:0.08679 P:0.11058 F:0.09725
1 ROUGE-1 Eval D1016-A.M.100.C.1 R:0.15695 P:0.17500 F:0.16548
1 ROUGE-1 Eval D1017-A.M.100.D.1 R:0.11020 P:0.15698 F:0.12949
1 ROUGE-1 Eval D1018-A.M.100.D.1 R:0.10460 P:0.13889 F:0.11933
1 ROUGE-1 Eval D1019-A.M.100.D.1 R:0.23750 P:0.34756 F:0.28218
1 ROUGE-1 Eval D1020-A.M.100.D.1 R:0.15289 P:0.18878 F:0.16895
1 ROUGE-1 Eval D1021-A.M.100.D.1 R:0.15678 P:0.25000 F:0.19271
1 ROUGE-1 Eval D1022-A.M.100.D.1 R:0.27197 P:0.31250 F:0.29083
1 ROUGE-1 Eval D1023-A.M.100.E.1 R:0.09091 P:0.07639 F:0.08302
1 ROUGE-1 Eval D1024-A.M.100.E.1 R:0.21667 P:0.25000 F:0.23214
1 ROUGE-1 Eval D1025-A.M.100.E.1 R:0.24336 P:0.25000 F:0.24664
1 ROUGE-1 Eval D1026-A.M.100.E.1 R:0.10684 P:0.14535 F:0.12315
1 ROUGE-1 Eval D1027-A.M.100.E.1 R:0.26984 P:0.32075 F:0.29310
1 ROUGE-1 Eval D1028-A.M.100.E.1 R:0.13750 P:0.19186 F:0.16019
1 ROUGE-1 Eval D1029-A.M.100.F.1 R:0.17917 P:0.20283 F:0.19027
1 ROUGE-1 Eval D1030-A.M.100.F.1 R:0.08730 P:0.12222 F:0.10185
1 ROUGE-1 Eval D1031-A.M.100.F.1 R:0.08163 P:0.12821 F:0.09975
1 ROUGE-1 Eval D1032-A.M.100.F.1 R:0.19466 P:0.33553 F:0.24638
1 ROUGE-1 Eval D1033-A.M.100.F.1 R:0.16529 P:0.19608 F:0.17937
1 ROUGE-1 Eval D1034-A.M.100.F.1 R:0.10700 P:0.12745 F:0.11633
1 ROUGE-1 Eval D1035-A.M.100.G.1 R:0.09756 P:0.15385 F:0.11940
1 ROUGE-1 Eval D1036-A.M.100.G.1 R:0.21224 P:0.26531 F:0.23583
1 ROUGE-1 Eval D1037-A.M.100.G.1 R:0.13426 P:0.18125 F:0.15426
1 ROUGE-1 Eval D1038-A.M.100.G.1 R:0.06667 P:0.12143 F:0.08608
1 ROUGE-1 Eval D1039-A.M.100.G.1 R:0.23265 P:0.27941 F:0.25389
1 ROUGE-1 Eval D1040-A.M.100.G.1 R:0.12340 P:0.20139 F:0.15303
1 ROUGE-1 Eval D1041-A.M.100.H.1 R:0.14567 P:0.25000 F:0.18408
1 ROUGE-1 Eval D1042-A.M.100.H.1 R:0.26009 P:0.32222 F:0.28784
1 ROUGE-1 Eval D1043-A.M.100.H.1 R:0.18644 P:0.25581 F:0.21568
1 ROUGE-1 Eval D1044-A.M.100.H.1 R:0.30380 P:0.42857 F:0.35556
1 ROUGE-1 Eval D1045-A.M.100.H.1 R:0.16142 P:0.24405 F:0.19432
1 ROUGE-1 Eval D1046-A.M.100.H.1 R:0.19685 P:0.19231 F:0.19455
---------------------------------------------
1 ROUGE-2 Average_R: 0.02961 (95%-conf.int. 0.02228 - 0.03762)
1 ROUGE-2 Average_P: 0.03750 (95%-conf.int. 0.02849 - 0.04706)
1 ROUGE-2 Average_F: 0.03296 (95%-conf.int. 0.02496 - 0.04175)
.............................................
1 ROUGE-2 Eval D1001-A.M.100.A.1 R:0.02092 P:0.02232 F:0.02160
1 ROUGE-2 Eval D1002-A.M.100.A.1 R:0.07660 P:0.09783 F:0.08592
1 ROUGE-2 Eval D1003-A.M.100.A.1 R:0.07489 P:0.08500 F:0.07963
1 ROUGE-2 Eval D1004-A.M.100.A.1 R:0.03782 P:0.04787 F:0.04226
1 ROUGE-2 Eval D1005-A.M.100.A.1 R:0.00000 P:0.00000 F:0.00000
1 ROUGE-2 Eval D1006-A.M.100.A.1 R:0.00000 P:0.00000 F:0.00000
1 ROUGE-2 Eval D1007-A.M.100.B.1 R:0.06335 P:0.07447 F:0.06846
1 ROUGE-2 Eval D1008-A.M.100.B.1 R:0.00410 P:0.00735 F:0.00526
1 ROUGE-2 Eval D1009-A.M.100.B.1 R:0.06306 P:0.07447 F:0.06829
1 ROUGE-2 Eval D1010-A.M.100.B.1 R:0.04878 P:0.06977 F:0.05742
1 ROUGE-2 Eval D1011-A.M.100.C.1 R:0.00439 P:0.00806 F:0.00568
1 ROUGE-2 Eval D1012-A.M.100.C.1 R:0.03719 P:0.04327 F:0.04000
1 ROUGE-2 Eval D1013-A.M.100.C.1 R:0.01633 P:0.02564 F:0.01995
1 ROUGE-2 Eval D1014-A.M.100.C.1 R:0.00000 P:0.00000 F:0.00000
1 ROUGE-2 Eval D1015-A.M.100.C.1 R:0.01916 P:0.02451 F:0.02151
1 ROUGE-2 Eval D1016-A.M.100.C.1 R:0.03196 P:0.03571 F:0.03373
1 ROUGE-2 Eval D1017-A.M.100.D.1 R:0.01245 P:0.01786 F:0.01467
1 ROUGE-2 Eval D1018-A.M.100.D.1 R:0.02128 P:0.02841 F:0.02433
1 ROUGE-2 Eval D1019-A.M.100.D.1 R:0.06356 P:0.09375 F:0.07576
1 ROUGE-2 Eval D1020-A.M.100.D.1 R:0.02521 P:0.03125 F:0.02791
1 ROUGE-2 Eval D1021-A.M.100.D.1 R:0.01293 P:0.02083 F:0.01596
1 ROUGE-2 Eval D1022-A.M.100.D.1 R:0.06383 P:0.07353 F:0.06834
1 ROUGE-2 Eval D1023-A.M.100.E.1 R:0.00000 P:0.00000 F:0.00000
1 ROUGE-2 Eval D1024-A.M.100.E.1 R:0.07203 P:0.08333 F:0.07727
1 ROUGE-2 Eval D1025-A.M.100.E.1 R:0.05405 P:0.05556 F:0.05479
1 ROUGE-2 Eval D1026-A.M.100.E.1 R:0.00000 P:0.00000 F:0.00000
1 ROUGE-2 Eval D1027-A.M.100.E.1 R:0.09677 P:0.11538 F:0.10526
1 ROUGE-2 Eval D1028-A.M.100.E.1 R:0.00000 P:0.00000 F:0.00000
1 ROUGE-2 Eval D1029-A.M.100.F.1 R:0.03390 P:0.03846 F:0.03604
1 ROUGE-2 Eval D1030-A.M.100.F.1 R:0.00806 P:0.01136 F:0.00943
1 ROUGE-2 Eval D1031-A.M.100.F.1 R:0.01245 P:0.01974 F:0.01527
1 ROUGE-2 Eval D1032-A.M.100.F.1 R:0.01163 P:0.02027 F:0.01478
1 ROUGE-2 Eval D1033-A.M.100.F.1 R:0.02941 P:0.03500 F:0.03196
1 ROUGE-2 Eval D1034-A.M.100.F.1 R:0.00837 P:0.01000 F:0.00911
1 ROUGE-2 Eval D1035-A.M.100.G.1 R:0.02066 P:0.03289 F:0.02538
1 ROUGE-2 Eval D1036-A.M.100.G.1 R:0.01660 P:0.02083 F:0.01848
1 ROUGE-2 Eval D1037-A.M.100.G.1 R:0.01887 P:0.02564 F:0.02174
1 ROUGE-2 Eval D1038-A.M.100.G.1 R:0.00398 P:0.00735 F:0.00516
1 ROUGE-2 Eval D1039-A.M.100.G.1 R:0.07884 P:0.09500 F:0.08617
1 ROUGE-2 Eval D1040-A.M.100.G.1 R:0.00000 P:0.00000 F:0.00000
1 ROUGE-2 Eval D1041-A.M.100.H.1 R:0.00800 P:0.01389 F:0.01015
1 ROUGE-2 Eval D1042-A.M.100.H.1 R:0.05479 P:0.06818 F:0.06076
1 ROUGE-2 Eval D1043-A.M.100.H.1 R:0.01724 P:0.02381 F:0.02000
1 ROUGE-2 Eval D1044-A.M.100.H.1 R:0.06009 P:0.08537 F:0.07053
1 ROUGE-2 Eval D1045-A.M.100.H.1 R:0.04000 P:0.06098 F:0.04831
1 ROUGE-2 Eval D1046-A.M.100.H.1 R:0.02000 P:0.01953 F:0.01976
---------------------------------------------
1 ROUGE-3 Average_R: 0.00602 (95%-conf.int. 0.00373 - 0.00880)
1 ROUGE-3 Average_P: 0.00781 (95%-conf.int. 0.00482 - 0.01145)
1 ROUGE-3 Average_F: 0.00677 (95%-conf.int. 0.00418 - 0.00991)
.............................................
1 ROUGE-3 Eval D1001-A.M.100.A.1 R:0.00000 P:0.00000 F:0.00000
1 ROUGE-3 Eval D1002-A.M.100.A.1 R:0.02165 P:0.02778 F:0.02433
1 ROUGE-3 Eval D1003-A.M.100.A.1 R:0.01794 P:0.02041 F:0.01910
1 ROUGE-3 Eval D1004-A.M.100.A.1 R:0.00000 P:0.00000 F:0.00000
1 ROUGE-3 Eval D1005-A.M.100.A.1 R:0.00000 P:0.00000 F:0.00000
1 ROUGE-3 Eval D1006-A.M.100.A.1 R:0.00000 P:0.00000 F:0.00000
1 ROUGE-3 Eval D1007-A.M.100.B.1 R:0.00461 P:0.00543 F:0.00499
1 ROUGE-3 Eval D1008-A.M.100.B.1 R:0.00000 P:0.00000 F:0.00000
1 ROUGE-3 Eval D1009-A.M.100.B.1 R:0.01376 P:0.01630 F:0.01492
1 ROUGE-3 Eval D1010-A.M.100.B.1 R:0.02066 P:0.02976 F:0.02439
1 ROUGE-3 Eval D1011-A.M.100.C.1 R:0.00000 P:0.00000 F:0.00000
1 ROUGE-3 Eval D1012-A.M.100.C.1 R:0.01261 P:0.01471 F:0.01358
1 ROUGE-3 Eval D1013-A.M.100.C.1 R:0.00000 P:0.00000 F:0.00000
1 ROUGE-3 Eval D1014-A.M.100.C.1 R:0.00000 P:0.00000 F:0.00000
1 ROUGE-3 Eval D1015-A.M.100.C.1 R:0.00000 P:0.00000 F:0.00000
1 ROUGE-3 Eval D1016-A.M.100.C.1 R:0.00465 P:0.00521 F:0.00491
1 ROUGE-3 Eval D1017-A.M.100.D.1 R:0.00422 P:0.00610 F:0.00499
1 ROUGE-3 Eval D1018-A.M.100.D.1 R:0.00866 P:0.01163 F:0.00993
1 ROUGE-3 Eval D1019-A.M.100.D.1 R:0.03448 P:0.05128 F:0.04123
1 ROUGE-3 Eval D1020-A.M.100.D.1 R:0.00000 P:0.00000 F:0.00000
1 ROUGE-3 Eval D1021-A.M.100.D.1 R:0.00000 P:0.00000 F:0.00000
1 ROUGE-3 Eval D1022-A.M.100.D.1 R:0.00433 P:0.00500 F:0.00464
1 ROUGE-3 Eval D1023-A.M.100.E.1 R:0.00000 P:0.00000 F:0.00000
1 ROUGE-3 Eval D1024-A.M.100.E.1 R:0.01293 P:0.01500 F:0.01389
1 ROUGE-3 Eval D1025-A.M.100.E.1 R:0.01835 P:0.01887 F:0.01861
1 ROUGE-3 Eval D1026-A.M.100.E.1 R:0.00000 P:0.00000 F:0.00000
1 ROUGE-3 Eval D1027-A.M.100.E.1 R:0.01230 P:0.01471 F:0.01340
1 ROUGE-3 Eval D1028-A.M.100.E.1 R:0.00000 P:0.00000 F:0.00000
1 ROUGE-3 Eval D1029-A.M.100.F.1 R:0.00000 P:0.00000 F:0.00000
1 ROUGE-3 Eval D1030-A.M.100.F.1 R:0.00000 P:0.00000 F:0.00000
1 ROUGE-3 Eval D1031-A.M.100.F.1 R:0.00000 P:0.00000 F:0.00000
1 ROUGE-3 Eval D1032-A.M.100.F.1 R:0.00394 P:0.00694 F:0.00503
1 ROUGE-3 Eval D1033-A.M.100.F.1 R:0.01282 P:0.01531 F:0.01395
1 ROUGE-3 Eval D1034-A.M.100.F.1 R:0.00000 P:0.00000 F:0.00000
1 ROUGE-3 Eval D1035-A.M.100.G.1 R:0.00840 P:0.01351 F:0.01036
1 ROUGE-3 Eval D1036-A.M.100.G.1 R:0.00000 P:0.00000 F:0.00000
1 ROUGE-3 Eval D1037-A.M.100.G.1 R:0.00000 P:0.00000 F:0.00000
1 ROUGE-3 Eval D1038-A.M.100.G.1 R:0.00000 P:0.00000 F:0.00000
1 ROUGE-3 Eval D1039-A.M.100.G.1 R:0.02954 P:0.03571 F:0.03233
1 ROUGE-3 Eval D1040-A.M.100.G.1 R:0.00000 P:0.00000 F:0.00000
1 ROUGE-3 Eval D1041-A.M.100.H.1 R:0.00000 P:0.00000 F:0.00000
1 ROUGE-3 Eval D1042-A.M.100.H.1 R:0.00000 P:0.00000 F:0.00000
1 ROUGE-3 Eval D1043-A.M.100.H.1 R:0.00000 P:0.00000 F:0.00000
1 ROUGE-3 Eval D1044-A.M.100.H.1 R:0.02183 P:0.03125 F:0.02570
1 ROUGE-3 Eval D1045-A.M.100.H.1 R:0.00813 P:0.01250 F:0.00985
1 ROUGE-3 Eval D1046-A.M.100.H.1 R:0.00000 P:0.00000 F:0.00000
---------------------------------------------
1 ROUGE-4 Average_R: 0.00242 (95%-conf.int. 0.00105 - 0.00428)
1 ROUGE-4 Average_P: 0.00323 (95%-conf.int. 0.00136 - 0.00586)
1 ROUGE-4 Average_F: 0.00276 (95%-conf.int. 0.00118 - 0.00492)
.............................................
1 ROUGE-4 Eval D1001-A.M.100.A.1 R:0.00000 P:0.00000 F:0.00000
1 ROUGE-4 Eval D1002-A.M.100.A.1 R:0.01322 P:0.01705 F:0.01489
1 ROUGE-4 Eval D1003-A.M.100.A.1 R:0.00457 P:0.00521 F:0.00487
1 ROUGE-4 Eval D1004-A.M.100.A.1 R:0.00000 P:0.00000 F:0.00000
1 ROUGE-4 Eval D1005-A.M.100.A.1 R:0.00000 P:0.00000 F:0.00000
1 ROUGE-4 Eval D1006-A.M.100.A.1 R:0.00000 P:0.00000 F:0.00000
1 ROUGE-4 Eval D1007-A.M.100.B.1 R:0.00000 P:0.00000 F:0.00000
1 ROUGE-4 Eval D1008-A.M.100.B.1 R:0.00000 P:0.00000 F:0.00000
1 ROUGE-4 Eval D1009-A.M.100.B.1 R:0.00000 P:0.00000 F:0.00000
1 ROUGE-4 Eval D1010-A.M.100.B.1 R:0.00840 P:0.01220 F:0.00995
1 ROUGE-4 Eval D1011-A.M.100.C.1 R:0.00000 P:0.00000 F:0.00000
1 ROUGE-4 Eval D1012-A.M.100.C.1 R:0.00000 P:0.00000 F:0.00000
1 ROUGE-4 Eval D1013-A.M.100.C.1 R:0.00000 P:0.00000 F:0.00000
1 ROUGE-4 Eval D1014-A.M.100.C.1 R:0.00000 P:0.00000 F:0.00000
1 ROUGE-4 Eval D1015-A.M.100.C.1 R:0.00000 P:0.00000 F:0.00000
1 ROUGE-4 Eval D1016-A.M.100.C.1 R:0.00000 P:0.00000 F:0.00000
1 ROUGE-4 Eval D1017-A.M.100.D.1 R:0.00000 P:0.00000 F:0.00000
1 ROUGE-4 Eval D1018-A.M.100.D.1 R:0.00441 P:0.00595 F:0.00507
1 ROUGE-4 Eval D1019-A.M.100.D.1 R:0.02632 P:0.03947 F:0.03158
1 ROUGE-4 Eval D1020-A.M.100.D.1 R:0.00000 P:0.00000 F:0.00000
1 ROUGE-4 Eval D1021-A.M.100.D.1 R:0.00000 P:0.00000 F:0.00000
1 ROUGE-4 Eval D1022-A.M.100.D.1 R:0.00000 P:0.00000 F:0.00000
1 ROUGE-4 Eval D1023-A.M.100.E.1 R:0.00000 P:0.00000 F:0.00000
1 ROUGE-4 Eval D1024-A.M.100.E.1 R:0.00439 P:0.00510 F:0.00472
1 ROUGE-4 Eval D1025-A.M.100.E.1 R:0.01402 P:0.01442 F:0.01422
1 ROUGE-4 Eval D1026-A.M.100.E.1 R:0.00000 P:0.00000 F:0.00000
1 ROUGE-4 Eval D1027-A.M.100.E.1 R:0.00000 P:0.00000 F:0.00000
1 ROUGE-4 Eval D1028-A.M.100.E.1 R:0.00000 P:0.00000 F:0.00000
1 ROUGE-4 Eval D1029-A.M.100.F.1 R:0.00000 P:0.00000 F:0.00000
1 ROUGE-4 Eval D1030-A.M.100.F.1 R:0.00000 P:0.00000 F:0.00000
1 ROUGE-4 Eval D1031-A.M.100.F.1 R:0.00000 P:0.00000 F:0.00000
1 ROUGE-4 Eval D1032-A.M.100.F.1 R:0.00000 P:0.00000 F:0.00000
1 ROUGE-4 Eval D1033-A.M.100.F.1 R:0.00435 P:0.00521 F:0.00474
1 ROUGE-4 Eval D1034-A.M.100.F.1 R:0.00000 P:0.00000 F:0.00000
1 ROUGE-4 Eval D1035-A.M.100.G.1 R:0.00000 P:0.00000 F:0.00000
1 ROUGE-4 Eval D1036-A.M.100.G.1 R:0.00000 P:0.00000 F:0.00000
1 ROUGE-4 Eval D1037-A.M.100.G.1 R:0.00000 P:0.00000 F:0.00000
1 ROUGE-4 Eval D1038-A.M.100.G.1 R:0.00000 P:0.00000 F:0.00000
1 ROUGE-4 Eval D1039-A.M.100.G.1 R:0.00858 P:0.01042 F:0.00941
1 ROUGE-4 Eval D1040-A.M.100.G.1 R:0.00000 P:0.00000 F:0.00000
1 ROUGE-4 Eval D1041-A.M.100.H.1 R:0.00000 P:0.00000 F:0.00000
1 ROUGE-4 Eval D1042-A.M.100.H.1 R:0.00000 P:0.00000 F:0.00000
1 ROUGE-4 Eval D1043-A.M.100.H.1 R:0.00000 P:0.00000 F:0.00000
1 ROUGE-4 Eval D1044-A.M.100.H.1 R:0.01778 P:0.02564 F:0.02100
1 ROUGE-4 Eval D1045-A.M.100.H.1 R:0.00413 P:0.00641 F:0.00502
1 ROUGE-4 Eval D1046-A.M.100.H.1 R:0.00000 P:0.00000 F:0.00000
